Program begin	[2018.05.16 16:07:59 Wednesday]
Start reading configuration	[2018.05.16 16:07:59 Wednesday]
Configuration reading ends	[2018.05.16 16:07:59 Wednesday]
Start fetch mesh data	[2018.05.16 16:07:59 Wednesday]
Program begin	[2018.05.17 21:13:37 Thursday]
Start reading configuration	[2018.05.17 21:13:37 Thursday]
Configuration reading ends	[2018.05.17 21:13:37 Thursday]
Start fetch mesh data	[2018.05.17 21:13:37 Thursday]
Compute minimum distance	[2018.05.17 21:13:39 Thursday]
Mesh preprocessing ends	[2018.05.17 21:13:41 Thursday]
Initialize field value from physics	[2018.05.17 21:13:41 Thursday]
Filed initialization ends	[2018.05.17 21:13:41 Thursday]
Full Multi-Grid Cycle start	[2018.05.17 21:13:41 Thursday]
The 1th stage of  fmg computing start	[2018.05.17 21:13:42 Thursday]
    the 1th iteration in stage 1 begin	[2018.05.17 21:13:42 Thursday]
         the 1th virtual time step calculation in iteration 1 switch on	[2018.05.17 21:13:42 Thursday]
         the 1th virtual time step calculation in iteration 1 switch off	[2018.05.17 21:13:44 Thursday]
    the 1th iteration in stage 1 is over	[2018.05.17 21:13:44 Thursday]
    the 2th iteration in stage 1 begin	[2018.05.17 21:13:44 Thursday]
         the 1th virtual time step calculation in iteration 2 switch on	[2018.05.17 21:13:44 Thursday]
         the 1th virtual time step calculation in iteration 2 switch off	[2018.05.17 21:13:44 Thursday]
    the 2th iteration in stage 1 is over	[2018.05.17 21:13:44 Thursday]
    the 3th iteration in stage 1 begin	[2018.05.17 21:13:44 Thursday]
         the 1th virtual time step calculation in iteration 3 switch on	[2018.05.17 21:13:44 Thursday]
         the 1th virtual time step calculation in iteration 3 switch off	[2018.05.17 21:13:44 Thursday]
    the 3th iteration in stage 1 is over	[2018.05.17 21:13:44 Thursday]
    the 4th iteration in stage 1 begin	[2018.05.17 21:13:44 Thursday]
         the 1th virtual time step calculation in iteration 4 switch on	[2018.05.17 21:13:44 Thursday]
         the 1th virtual time step calculation in iteration 4 switch off	[2018.05.17 21:13:44 Thursday]
    the 4th iteration in stage 1 is over	[2018.05.17 21:13:44 Thursday]
    the 5th iteration in stage 1 begin	[2018.05.17 21:13:44 Thursday]
         the 1th virtual time step calculation in iteration 5 switch on	[2018.05.17 21:13:44 Thursday]
         the 1th virtual time step calculation in iteration 5 switch off	[2018.05.17 21:13:44 Thursday]
    the 5th iteration in stage 1 is over	[2018.05.17 21:13:44 Thursday]
The 1th stage of  fmg computing ends	[2018.05.17 21:13:44 Thursday]
The 2th stage of  fmg computing start	[2018.05.17 21:13:44 Thursday]
    the 1th iteration in stage 2 begin	[2018.05.17 21:13:45 Thursday]
         the 1th virtual time step calculation in iteration 1 switch on	[2018.05.17 21:13:45 Thursday]
         the 1th virtual time step calculation in iteration 1 switch off	[2018.05.17 21:13:47 Thursday]
    the 1th iteration in stage 2 is over	[2018.05.17 21:13:47 Thursday]
    the 2th iteration in stage 2 begin	[2018.05.17 21:13:47 Thursday]
         the 1th virtual time step calculation in iteration 2 switch on	[2018.05.17 21:13:47 Thursday]
         the 1th virtual time step calculation in iteration 2 switch off	[2018.05.17 21:13:49 Thursday]
    the 2th iteration in stage 2 is over	[2018.05.17 21:13:49 Thursday]
    the 3th iteration in stage 2 begin	[2018.05.17 21:13:49 Thursday]
         the 1th virtual time step calculation in iteration 3 switch on	[2018.05.17 21:13:49 Thursday]
         the 1th virtual time step calculation in iteration 3 switch off	[2018.05.17 21:13:51 Thursday]
    the 3th iteration in stage 2 is over	[2018.05.17 21:13:51 Thursday]
    the 4th iteration in stage 2 begin	[2018.05.17 21:13:51 Thursday]
         the 1th virtual time step calculation in iteration 4 switch on	[2018.05.17 21:13:51 Thursday]
         the 1th virtual time step calculation in iteration 4 switch off	[2018.05.17 21:13:53 Thursday]
    the 4th iteration in stage 2 is over	[2018.05.17 21:13:53 Thursday]
    the 5th iteration in stage 2 begin	[2018.05.17 21:13:53 Thursday]
         the 1th virtual time step calculation in iteration 5 switch on	[2018.05.17 21:13:53 Thursday]
         the 1th virtual time step calculation in iteration 5 switch off	[2018.05.17 21:13:55 Thursday]
    the 5th iteration in stage 2 is over	[2018.05.17 21:13:55 Thursday]
The 2th stage of  fmg computing ends	[2018.05.17 21:13:55 Thursday]
The 3th stage of  fmg computing start	[2018.05.17 21:13:55 Thursday]
    the 1th iteration in stage 3 begin	[2018.05.17 21:13:55 Thursday]
         the 1th virtual time step calculation in iteration 1 switch on	[2018.05.17 21:13:55 Thursday]
         the 1th virtual time step calculation in iteration 1 switch off	[2018.05.17 21:14:26 Thursday]
    the 1th iteration in stage 3 is over	[2018.05.17 21:14:26 Thursday]
The 3th stage of  fmg computing ends	[2018.05.17 21:14:26 Thursday]
simulation begin output files	[2018.05.17 21:14:26 Thursday]
Output flow files	[2018.05.17 21:14:26 Thursday]
Output out-* files	[2018.05.17 21:14:26 Thursday]
Output 30%span-* files	[2018.05.17 21:14:28 Thursday]
Output 30%span-* files end	[2018.05.17 21:14:36 Thursday]
Output 95%span-* files	[2018.05.17 21:14:36 Thursday]
Output 95%span-* files end	[2018.05.17 21:14:37 Thursday]
Program finished	[2018.05.17 21:14:37 Thursday]
Program begin	[2018.05.17 21:34:24 Thursday]
Start reading configuration	[2018.05.17 21:34:24 Thursday]
Configuration reading ends	[2018.05.17 21:34:24 Thursday]
Start fetch mesh data	[2018.05.17 21:34:24 Thursday]
Compute minimum distance	[2018.05.17 21:34:25 Thursday]
Mesh preprocessing ends	[2018.05.17 21:34:27 Thursday]
Initialize field value from physics	[2018.05.17 21:34:27 Thursday]
Filed initialization ends	[2018.05.17 21:34:28 Thursday]
Full Multi-Grid Cycle start	[2018.05.17 21:34:28 Thursday]
The 1th stage of  fmg computing start	[2018.05.17 21:34:29 Thursday]
    the 1th iteration in stage 1 begin	[2018.05.17 21:34:29 Thursday]
         the 1th virtual time step calculation in iteration 1 switch on	[2018.05.17 21:34:29 Thursday]
         the 1th virtual time step calculation in iteration 1 switch off	[2018.05.17 21:34:30 Thursday]
    the 1th iteration in stage 1 is over	[2018.05.17 21:34:30 Thursday]
    the 2th iteration in stage 1 begin	[2018.05.17 21:34:30 Thursday]
         the 1th virtual time step calculation in iteration 2 switch on	[2018.05.17 21:34:30 Thursday]
         the 1th virtual time step calculation in iteration 2 switch off	[2018.05.17 21:34:30 Thursday]
    the 2th iteration in stage 1 is over	[2018.05.17 21:34:30 Thursday]
    the 3th iteration in stage 1 begin	[2018.05.17 21:34:30 Thursday]
         the 1th virtual time step calculation in iteration 3 switch on	[2018.05.17 21:34:30 Thursday]
         the 1th virtual time step calculation in iteration 3 switch off	[2018.05.17 21:34:30 Thursday]
    the 3th iteration in stage 1 is over	[2018.05.17 21:34:30 Thursday]
    the 4th iteration in stage 1 begin	[2018.05.17 21:34:30 Thursday]
         the 1th virtual time step calculation in iteration 4 switch on	[2018.05.17 21:34:30 Thursday]
         the 1th virtual time step calculation in iteration 4 switch off	[2018.05.17 21:34:31 Thursday]
    the 4th iteration in stage 1 is over	[2018.05.17 21:34:31 Thursday]
    the 5th iteration in stage 1 begin	[2018.05.17 21:34:31 Thursday]
         the 1th virtual time step calculation in iteration 5 switch on	[2018.05.17 21:34:31 Thursday]
         the 1th virtual time step calculation in iteration 5 switch off	[2018.05.17 21:34:31 Thursday]
    the 5th iteration in stage 1 is over	[2018.05.17 21:34:31 Thursday]
The 1th stage of  fmg computing ends	[2018.05.17 21:34:31 Thursday]
The 2th stage of  fmg computing start	[2018.05.17 21:34:31 Thursday]
    the 1th iteration in stage 2 begin	[2018.05.17 21:34:31 Thursday]
         the 1th virtual time step calculation in iteration 1 switch on	[2018.05.17 21:34:31 Thursday]
         the 1th virtual time step calculation in iteration 1 switch off	[2018.05.17 21:34:33 Thursday]
    the 1th iteration in stage 2 is over	[2018.05.17 21:34:33 Thursday]
    the 2th iteration in stage 2 begin	[2018.05.17 21:34:33 Thursday]
         the 1th virtual time step calculation in iteration 2 switch on	[2018.05.17 21:34:33 Thursday]
         the 1th virtual time step calculation in iteration 2 switch off	[2018.05.17 21:34:35 Thursday]
    the 2th iteration in stage 2 is over	[2018.05.17 21:34:35 Thursday]
    the 3th iteration in stage 2 begin	[2018.05.17 21:34:35 Thursday]
         the 1th virtual time step calculation in iteration 3 switch on	[2018.05.17 21:34:35 Thursday]
         the 1th virtual time step calculation in iteration 3 switch off	[2018.05.17 21:34:37 Thursday]
    the 3th iteration in stage 2 is over	[2018.05.17 21:34:37 Thursday]
    the 4th iteration in stage 2 begin	[2018.05.17 21:34:37 Thursday]
         the 1th virtual time step calculation in iteration 4 switch on	[2018.05.17 21:34:37 Thursday]
         the 1th virtual time step calculation in iteration 4 switch off	[2018.05.17 21:34:39 Thursday]
    the 4th iteration in stage 2 is over	[2018.05.17 21:34:39 Thursday]
    the 5th iteration in stage 2 begin	[2018.05.17 21:34:39 Thursday]
         the 1th virtual time step calculation in iteration 5 switch on	[2018.05.17 21:34:39 Thursday]
         the 1th virtual time step calculation in iteration 5 switch off	[2018.05.17 21:34:41 Thursday]
    the 5th iteration in stage 2 is over	[2018.05.17 21:34:41 Thursday]
The 2th stage of  fmg computing ends	[2018.05.17 21:34:41 Thursday]
The 3th stage of  fmg computing start	[2018.05.17 21:34:41 Thursday]
    the 1th iteration in stage 3 begin	[2018.05.17 21:34:42 Thursday]
         the 1th virtual time step calculation in iteration 1 switch on	[2018.05.17 21:34:42 Thursday]
         the 1th virtual time step calculation in iteration 1 switch off	[2018.05.17 21:35:12 Thursday]
    the 1th iteration in stage 3 is over	[2018.05.17 21:35:12 Thursday]
The 3th stage of  fmg computing ends	[2018.05.17 21:35:12 Thursday]
simulation begin output files	[2018.05.17 21:35:12 Thursday]
Output flow files	[2018.05.17 21:35:12 Thursday]
Output out-* files	[2018.05.17 21:35:12 Thursday]
Output 30%span-* files	[2018.05.17 21:35:13 Thursday]
Output 30%span-* files end	[2018.05.17 21:35:19 Thursday]
Output 95%span-* files	[2018.05.17 21:35:19 Thursday]
Output 95%span-* files end	[2018.05.17 21:35:20 Thursday]
Program finished	[2018.05.17 21:35:20 Thursday]
Program begin	[2018.06.27 11:14:47 Wednesday]
Start reading configuration	[2018.06.27 11:14:47 Wednesday]
Configuration reading ends	[2018.06.27 11:14:47 Wednesday]
Start fetch mesh data	[2018.06.27 11:14:47 Wednesday]
Compute minimum distance	[2018.06.27 11:14:49 Wednesday]
Mesh preprocessing ends	[2018.06.27 11:14:51 Wednesday]
Initialize field value from physics	[2018.06.27 11:14:51 Wednesday]
Filed initialization ends	[2018.06.27 11:14:51 Wednesday]
Full Multi-Grid Cycle start	[2018.06.27 11:14:51 Wednesday]
The 1th stage of  fmg computing start	[2018.06.27 11:14:51 Wednesday]
    the 1th iteration in stage 1 begin	[2018.06.27 11:14:51 Wednesday]
         the 1th virtual time step calculation in iteration 1 switch on	[2018.06.27 11:14:51 Wednesday]
         the 1th virtual time step calculation in iteration 1 switch off	[2018.06.27 11:14:53 Wednesday]
    the 1th iteration in stage 1 is over	[2018.06.27 11:14:53 Wednesday]
    the 2th iteration in stage 1 begin	[2018.06.27 11:14:53 Wednesday]
         the 1th virtual time step calculation in iteration 2 switch on	[2018.06.27 11:14:53 Wednesday]
         the 1th virtual time step calculation in iteration 2 switch off	[2018.06.27 11:14:53 Wednesday]
    the 2th iteration in stage 1 is over	[2018.06.27 11:14:53 Wednesday]
    the 3th iteration in stage 1 begin	[2018.06.27 11:14:53 Wednesday]
         the 1th virtual time step calculation in iteration 3 switch on	[2018.06.27 11:14:53 Wednesday]
         the 1th virtual time step calculation in iteration 3 switch off	[2018.06.27 11:14:53 Wednesday]
    the 3th iteration in stage 1 is over	[2018.06.27 11:14:53 Wednesday]
    the 4th iteration in stage 1 begin	[2018.06.27 11:14:53 Wednesday]
         the 1th virtual time step calculation in iteration 4 switch on	[2018.06.27 11:14:53 Wednesday]
         the 1th virtual time step calculation in iteration 4 switch off	[2018.06.27 11:14:53 Wednesday]
    the 4th iteration in stage 1 is over	[2018.06.27 11:14:53 Wednesday]
    the 5th iteration in stage 1 begin	[2018.06.27 11:14:53 Wednesday]
         the 1th virtual time step calculation in iteration 5 switch on	[2018.06.27 11:14:53 Wednesday]
         the 1th virtual time step calculation in iteration 5 switch off	[2018.06.27 11:14:53 Wednesday]
    the 5th iteration in stage 1 is over	[2018.06.27 11:14:53 Wednesday]
The 1th stage of  fmg computing ends	[2018.06.27 11:14:53 Wednesday]
The 2th stage of  fmg computing start	[2018.06.27 11:14:53 Wednesday]
    the 1th iteration in stage 2 begin	[2018.06.27 11:14:53 Wednesday]
         the 1th virtual time step calculation in iteration 1 switch on	[2018.06.27 11:14:53 Wednesday]
         the 1th virtual time step calculation in iteration 1 switch off	[2018.06.27 11:14:55 Wednesday]
    the 1th iteration in stage 2 is over	[2018.06.27 11:14:55 Wednesday]
    the 2th iteration in stage 2 begin	[2018.06.27 11:14:55 Wednesday]
         the 1th virtual time step calculation in iteration 2 switch on	[2018.06.27 11:14:55 Wednesday]
         the 1th virtual time step calculation in iteration 2 switch off	[2018.06.27 11:14:57 Wednesday]
    the 2th iteration in stage 2 is over	[2018.06.27 11:14:57 Wednesday]
    the 3th iteration in stage 2 begin	[2018.06.27 11:14:57 Wednesday]
         the 1th virtual time step calculation in iteration 3 switch on	[2018.06.27 11:14:57 Wednesday]
         the 1th virtual time step calculation in iteration 3 switch off	[2018.06.27 11:14:58 Wednesday]
    the 3th iteration in stage 2 is over	[2018.06.27 11:14:59 Wednesday]
    the 4th iteration in stage 2 begin	[2018.06.27 11:14:59 Wednesday]
         the 1th virtual time step calculation in iteration 4 switch on	[2018.06.27 11:14:59 Wednesday]
         the 1th virtual time step calculation in iteration 4 switch off	[2018.06.27 11:15:00 Wednesday]
    the 4th iteration in stage 2 is over	[2018.06.27 11:15:00 Wednesday]
    the 5th iteration in stage 2 begin	[2018.06.27 11:15:00 Wednesday]
         the 1th virtual time step calculation in iteration 5 switch on	[2018.06.27 11:15:00 Wednesday]
         the 1th virtual time step calculation in iteration 5 switch off	[2018.06.27 11:15:02 Wednesday]
    the 5th iteration in stage 2 is over	[2018.06.27 11:15:02 Wednesday]
The 2th stage of  fmg computing ends	[2018.06.27 11:15:02 Wednesday]
The 3th stage of  fmg computing start	[2018.06.27 11:15:02 Wednesday]
    the 1th iteration in stage 3 begin	[2018.06.27 11:15:02 Wednesday]
         the 1th virtual time step calculation in iteration 1 switch on	[2018.06.27 11:15:02 Wednesday]
         the 1th virtual time step calculation in iteration 1 switch off	[2018.06.27 11:15:23 Wednesday]
    the 1th iteration in stage 3 is over	[2018.06.27 11:15:23 Wednesday]
The 3th stage of  fmg computing ends	[2018.06.27 11:15:23 Wednesday]
simulation begin output files	[2018.06.27 11:15:23 Wednesday]
Output flow files	[2018.06.27 11:15:23 Wednesday]
Output out-* files	[2018.06.27 11:15:23 Wednesday]
Output 30%span-* files	[2018.06.27 11:15:23 Wednesday]
Output 30%span-* files end	[2018.06.27 11:15:30 Wednesday]
Output 95%span-* files	[2018.06.27 11:15:30 Wednesday]
Output 95%span-* files end	[2018.06.27 11:15:35 Wednesday]
Program finished	[2018.06.27 11:15:40 Wednesday]
Program begin	[2018.06.27 11:19:02 Wednesday]
Start reading configuration	[2018.06.27 11:19:02 Wednesday]
Configuration reading ends	[2018.06.27 11:19:02 Wednesday]
Start fetch mesh data	[2018.06.27 11:19:02 Wednesday]
Compute minimum distance	[2018.06.27 11:19:04 Wednesday]
Mesh preprocessing ends	[2018.06.27 11:19:06 Wednesday]
Initialize field value from physics	[2018.06.27 11:19:06 Wednesday]
Filed initialization ends	[2018.06.27 11:19:06 Wednesday]
Full Multi-Grid Cycle start	[2018.06.27 11:19:06 Wednesday]
The 1th stage of  fmg computing start	[2018.06.27 11:19:07 Wednesday]
    the 1th iteration in stage 1 begin	[2018.06.27 11:19:07 Wednesday]
         the 1th virtual time step calculation in iteration 1 switch on	[2018.06.27 11:19:07 Wednesday]
         the 1th virtual time step calculation in iteration 1 switch off	[2018.06.27 11:19:08 Wednesday]
    the 1th iteration in stage 1 is over	[2018.06.27 11:19:08 Wednesday]
    the 2th iteration in stage 1 begin	[2018.06.27 11:19:08 Wednesday]
         the 1th virtual time step calculation in iteration 2 switch on	[2018.06.27 11:19:08 Wednesday]
         the 1th virtual time step calculation in iteration 2 switch off	[2018.06.27 11:19:08 Wednesday]
    the 2th iteration in stage 1 is over	[2018.06.27 11:19:08 Wednesday]
    the 3th iteration in stage 1 begin	[2018.06.27 11:19:08 Wednesday]
         the 1th virtual time step calculation in iteration 3 switch on	[2018.06.27 11:19:08 Wednesday]
         the 1th virtual time step calculation in iteration 3 switch off	[2018.06.27 11:19:08 Wednesday]
    the 3th iteration in stage 1 is over	[2018.06.27 11:19:08 Wednesday]
    the 4th iteration in stage 1 begin	[2018.06.27 11:19:08 Wednesday]
         the 1th virtual time step calculation in iteration 4 switch on	[2018.06.27 11:19:08 Wednesday]
         the 1th virtual time step calculation in iteration 4 switch off	[2018.06.27 11:19:08 Wednesday]
    the 4th iteration in stage 1 is over	[2018.06.27 11:19:08 Wednesday]
    the 5th iteration in stage 1 begin	[2018.06.27 11:19:08 Wednesday]
         the 1th virtual time step calculation in iteration 5 switch on	[2018.06.27 11:19:08 Wednesday]
         the 1th virtual time step calculation in iteration 5 switch off	[2018.06.27 11:19:08 Wednesday]
    the 5th iteration in stage 1 is over	[2018.06.27 11:19:08 Wednesday]
The 1th stage of  fmg computing ends	[2018.06.27 11:19:08 Wednesday]
The 2th stage of  fmg computing start	[2018.06.27 11:19:08 Wednesday]
    the 1th iteration in stage 2 begin	[2018.06.27 11:19:08 Wednesday]
         the 1th virtual time step calculation in iteration 1 switch on	[2018.06.27 11:19:08 Wednesday]
         the 1th virtual time step calculation in iteration 1 switch off	[2018.06.27 11:19:10 Wednesday]
    the 1th iteration in stage 2 is over	[2018.06.27 11:19:10 Wednesday]
    the 2th iteration in stage 2 begin	[2018.06.27 11:19:10 Wednesday]
         the 1th virtual time step calculation in iteration 2 switch on	[2018.06.27 11:19:10 Wednesday]
         the 1th virtual time step calculation in iteration 2 switch off	[2018.06.27 11:19:12 Wednesday]
    the 2th iteration in stage 2 is over	[2018.06.27 11:19:12 Wednesday]
    the 3th iteration in stage 2 begin	[2018.06.27 11:19:12 Wednesday]
         the 1th virtual time step calculation in iteration 3 switch on	[2018.06.27 11:19:12 Wednesday]
         the 1th virtual time step calculation in iteration 3 switch off	[2018.06.27 11:19:14 Wednesday]
    the 3th iteration in stage 2 is over	[2018.06.27 11:19:14 Wednesday]
    the 4th iteration in stage 2 begin	[2018.06.27 11:19:14 Wednesday]
         the 1th virtual time step calculation in iteration 4 switch on	[2018.06.27 11:19:14 Wednesday]
         the 1th virtual time step calculation in iteration 4 switch off	[2018.06.27 11:19:15 Wednesday]
    the 4th iteration in stage 2 is over	[2018.06.27 11:19:15 Wednesday]
    the 5th iteration in stage 2 begin	[2018.06.27 11:19:15 Wednesday]
         the 1th virtual time step calculation in iteration 5 switch on	[2018.06.27 11:19:15 Wednesday]
         the 1th virtual time step calculation in iteration 5 switch off	[2018.06.27 11:19:17 Wednesday]
    the 5th iteration in stage 2 is over	[2018.06.27 11:19:17 Wednesday]
The 2th stage of  fmg computing ends	[2018.06.27 11:19:17 Wednesday]
The 3th stage of  fmg computing start	[2018.06.27 11:19:17 Wednesday]
    the 1th iteration in stage 3 begin	[2018.06.27 11:19:17 Wednesday]
         the 1th virtual time step calculation in iteration 1 switch on	[2018.06.27 11:19:17 Wednesday]
         the 1th virtual time step calculation in iteration 1 switch off	[2018.06.27 11:19:38 Wednesday]
    the 1th iteration in stage 3 is over	[2018.06.27 11:19:38 Wednesday]
The 3th stage of  fmg computing ends	[2018.06.27 11:19:38 Wednesday]
simulation begin output files	[2018.06.27 11:19:38 Wednesday]
Output flow files	[2018.06.27 11:19:38 Wednesday]
Output out-* files	[2018.06.27 11:19:38 Wednesday]
Output 30%span-* files	[2018.06.27 11:19:39 Wednesday]
Output 30%span-* files end	[2018.06.27 11:19:39 Wednesday]
Output 95%span-* files	[2018.06.27 11:19:39 Wednesday]
Output 95%span-* files end	[2018.06.27 11:19:40 Wednesday]
Program finished	[2018.06.27 11:19:49 Wednesday]
